Build started 12/24/2013 12:58:23 PM.
     1>Project "E:\Kshitij\Windows Applications\I-Card\WebCamLib\WebCamLib.vcxproj" on node 2 (rebuild target(s)).
     1>_PrepareForClean:
         Deleting file "x64\Debug\WebCamLib.lastbuildstate".
       InitializeBuildStatus:
         Creating "x64\Debug\WebCamLib.unsuccessfulbuild" because "AlwaysCreate" was specified.
       GenerateTargetFrameworkMonikerAttribute:
       Skipping target "GenerateTargetFrameworkMonikerAttribute" because all output files are up-to-date with respect to the input files.
       ClCompile:
         D:\Program Files\Microsoft Visual Studio 10.0\VC\bin\x86_amd64\CL.exe /c /AI"D:\Program Files\Reference Assemblies\Microsoft\Framework\.NETFramework\v4.0" /Zi /clr /nologo /W3 /WX- /Od /D WIN32 /D _DEBUG /D _WINDLL /D _UNICODE /D UNICODE /EHa /MDd /GS /fp:precise /Zc:wchar_t /Zc:forScope /Fo"x64\Debug\\" /Fd"x64\Debug\vc100.pdb" /TP /FU"D:\Program Files\Reference Assemblies\Microsoft\Framework\.NETFramework\v4.0\System.Core.dll" /FU"D:\Program Files\Reference Assemblies\Microsoft\Framework\.NETFramework\v4.0\System.Data.dll" /FU"D:\Program Files\Reference Assemblies\Microsoft\Framework\.NETFramework\v4.0\System.dll" /FU"D:\Program Files\Reference Assemblies\Microsoft\Framework\.NETFramework\v4.0\System.Xml.dll" /errorReport:prompt WebCamLib.cpp /clr:nostdlib 
         WebCamLib.cpp
         D:\Program Files\Microsoft Visual Studio 10.0\VC\bin\x86_amd64\CL.exe /c /Zi /clr /nologo /W3 /WX- /Od /D WIN32 /D _DEBUG /D _WINDLL /D _UNICODE /D UNICODE /EHa /MDd /GS /fp:precise /Zc:wchar_t /Zc:forScope /Fo"x64\Debug\\" /Fd"x64\Debug\vc100.pdb" /TP /errorReport:prompt "D:\Users\krayknot\AppData\Local\Temp\.NETFramework,Version=v4.0.AssemblyAttributes.cpp"
         .NETFramework,Version=v4.0.AssemblyAttributes.cpp
     1>D:\Program Files\MSBuild\Microsoft.Cpp\v4.0\Microsoft.CppBuild.targets(990,5): warning MSB8012: TargetPath(E:\Kshitij\Windows Applications\I-Card\x64\Debug\WebCamLib.dll) does not match the Linker's OutputFile property value (E:\Kshitij\Windows Applications\I-Card\WebCamLib\bin\Debug\WebCamLib.dll). This may cause your project to build incorrectly. To correct this, please make sure that $(OutDir), $(TargetName) and $(TargetExt) property values match the value specified in %(Link.OutputFile).
       Link:
         D:\Program Files\Microsoft Visual Studio 10.0\VC\bin\x86_amd64\link.exe /ERRORREPORT:PROMPT /OUT:"bin\Debug\WebCamLib.dll" /INCREMENTAL /NOLOGO Strmiids.lib kernel32.lib user32.lib gdi32.lib winspool.lib comdlg32.lib advapi32.lib shell32.lib ole32.lib oleaut32.lib uuid.lib odbc32.lib odbccp32.lib /MANIFEST /ManifestFile:"x64\Debug\WebCamLib.dll.intermediate.manifest" /MANIFESTUAC:"level='asInvoker' uiAccess='false'" /DEBUG /PDB:"E:\Kshitij\Windows Applications\I-Card\x64\Debug\WebCamLib.pdb" /ASSEMBLYDEBUG /TLBID:1 /DYNAMICBASE:NO /FIXED:NO /MACHINE:X64 /DLL x64\Debug\WebCamLib.obj
         "x64\Debug\.NETFramework,Version=v4.0.AssemblyAttributes.obj"
         WebCamLib.vcxproj -> E:\Kshitij\Windows Applications\I-Card\x64\Debug\WebCamLib.dll
       Manifest:
         D:\Program Files\Microsoft SDKs\Windows\v7.0A\bin\mt.exe /nologo /verbose /outputresource:"bin\Debug\WebCamLib.dll;#2" /manifest x64\Debug\WebCamLib.dll.intermediate.manifest
       FinalizeBuildStatus:
         Deleting file "x64\Debug\WebCamLib.unsuccessfulbuild".
         Touching "x64\Debug\WebCamLib.lastbuildstate".
     1>Done Building Project "E:\Kshitij\Windows Applications\I-Card\WebCamLib\WebCamLib.vcxproj" (rebuild target(s)).

Build succeeded.

Time Elapsed 00:00:07.48
